生成启动时间为 2017/5/23 20:12:05。
     1>项目“E:\visual studio 2010\Projects\PP\PP\PP.vcxproj”在节点 2 上(build 个目标)。
     1>InitializeBuildStatus:
         正在对“Debug\Classification.unsuccessfulbuild”执行 Touch 任务。
       ClCompile:
         所有输出均为最新。
         所有输出均为最新。
         所有输出均为最新。
         所有输出均为最新。
       ResourceCompile:
         C:\Program Files (x86)\Microsoft SDKs\Windows\v7.0A\bin\rc.exe /D _DEBUG /D _UNICODE /D UNICODE /D _AFXDLL /l"0x0804" /IDebug\ /nologo /fo"Debug\Classification.res" Classification.rc 
       ManifestResourceCompile:
         C:\Program Files (x86)\Microsoft SDKs\Windows\v7.0A\bin\rc.exe /nologo /fo"Debug\Classification.exe.embed.manifest.res" Debug\Classification_manifest.rc 
       Link:
         F:\Microsoft Visual Studio 10.0\VC\bin\link.exe /ERRORREPORT:PROMPT /OUT:"E:\visual studio 2010\Projects\PP\Debug\Classification.exe" /INCREMENTAL /NOLOGO opencv_calib3d249d.lib opencv_contrib249d.lib opencv_core249d.lib opencv_features2d249d.lib opencv_flann249d.lib opencv_gpu249d.lib opencv_highgui249d.lib opencv_imgproc249d.lib opencv_legacy249d.lib opencv_ml249d.lib opencv_objdetect249d.lib opencv_ts249d.lib opencv_video249d.lib opencv_ml249d.lib opencv_calib3d249d.lib opencv_contrib249d.lib opencv_core249d.lib opencv_features2d249d.lib opencv_flann249d.lib opencv_gpu249d.lib opencv_highgui249d.lib opencv_imgproc249d.lib opencv_legacy249d.lib opencv_objdetect249d.lib opencv_ts249d.lib opencv_video249d.lib opencv_nonfree249d.lib opencv_ocl249d.lib opencv_photo249d.lib opencv_stitching249d.lib opencv_superres249d.lib opencv_videostab249d.lib /MANIFEST /ManifestFile:"Debug\Classification.exe.intermediate.manifest" /MANIFESTUAC:"level='asInvoker' uiAccess='false'" /DEBUG /PDB:"E:\visual studio 2010\Projects\PP\Debug\Classification.pdb" /SUBSYSTEM:WINDOWS /TLBID:1 /ENTRY:"wWinMainCRTStartup" /DYNAMICBASE /NXCOMPAT /IMPLIB:"E:\visual studio 2010\Projects\PP\Debug\Classification.lib" /MACHINE:X86 Debug\Classification.res
         Debug\Classification.exe.embed.manifest.res
         Debug\document.obj
         Debug\file_access.obj
         Debug\lda.obj
         Debug\imgfeatures.obj
         Debug\kdtree.obj
         Debug\minpq.obj
         Debug\sift.obj
         Debug\utils.obj
         Debug\xform.obj
         Debug\Ini.obj
         Debug\Classification.obj
         Debug\ClassificationDlg.obj
         Debug\stdafx.obj
       Manifest:
         C:\Program Files (x86)\Microsoft SDKs\Windows\v7.0A\bin\mt.exe /nologo /verbose /out:"Debug\Classification.exe.embed.manifest" /manifest Debug\Classification.exe.intermediate.manifest "F:\Microsoft Visual Studio 10.0\VC\Include\Manifest\dpiaware.manifest"
         C:\Program Files (x86)\Microsoft SDKs\Windows\v7.0A\bin\rc.exe /nologo /fo"Debug\Classification.exe.embed.manifest.res" Debug\Classification_manifest.rc 
       LinkEmbedManifest:
         F:\Microsoft Visual Studio 10.0\VC\bin\link.exe /ERRORREPORT:PROMPT /OUT:"E:\visual studio 2010\Projects\PP\Debug\Classification.exe" /INCREMENTAL /NOLOGO opencv_calib3d249d.lib opencv_contrib249d.lib opencv_core249d.lib opencv_features2d249d.lib opencv_flann249d.lib opencv_gpu249d.lib opencv_highgui249d.lib opencv_imgproc249d.lib opencv_legacy249d.lib opencv_ml249d.lib opencv_objdetect249d.lib opencv_ts249d.lib opencv_video249d.lib opencv_ml249d.lib opencv_calib3d249d.lib opencv_contrib249d.lib opencv_core249d.lib opencv_features2d249d.lib opencv_flann249d.lib opencv_gpu249d.lib opencv_highgui249d.lib opencv_imgproc249d.lib opencv_legacy249d.lib opencv_objdetect249d.lib opencv_ts249d.lib opencv_video249d.lib opencv_nonfree249d.lib opencv_ocl249d.lib opencv_photo249d.lib opencv_stitching249d.lib opencv_superres249d.lib opencv_videostab249d.lib /MANIFEST /ManifestFile:"Debug\Classification.exe.intermediate.manifest" /MANIFESTUAC:"level='asInvoker' uiAccess='false'" /DEBUG /PDB:"E:\visual studio 2010\Projects\PP\Debug\Classification.pdb" /SUBSYSTEM:WINDOWS /TLBID:1 /ENTRY:"wWinMainCRTStartup" /DYNAMICBASE /NXCOMPAT /IMPLIB:"E:\visual studio 2010\Projects\PP\Debug\Classification.lib" /MACHINE:X86 Debug\Classification.res
         Debug\Classification.exe.embed.manifest.res
         Debug\document.obj
         Debug\file_access.obj
         Debug\lda.obj
         Debug\imgfeatures.obj
         Debug\kdtree.obj
         Debug\minpq.obj
         Debug\sift.obj
         Debug\utils.obj
         Debug\xform.obj
         Debug\Ini.obj
         Debug\Classification.obj
         Debug\ClassificationDlg.obj
         Debug\stdafx.obj
         PP.vcxproj -> E:\visual studio 2010\Projects\PP\Debug\Classification.exe
       FinalizeBuildStatus:
         正在删除文件“Debug\Classification.unsuccessfulbuild”。
         正在对“Debug\Classification.lastbuildstate”执行 Touch 任务。
     1>已完成生成项目“E:\visual studio 2010\Projects\PP\PP\PP.vcxproj”(build 个目标)的操作。

生成成功。

已用时间 00:00:01.18
